(DefaultImmutableWork
spaceProvider.java:14
0)
	at org.gradle.cache.
internal.LockOnDemand
CrossProcessCacheAcce
ss.withFileLock(LockO
nDemandCrossProcessCa
cheAccess.java:90)
	at org.gradle.cache.
internal.DefaultCache
Coordinator.withFileL
ock(DefaultCacheCoord
inator.java:219)
	at org.gradle.cache.
internal.DefaultPersi
stentDirectoryStore.w
ithFileLock(DefaultPe
rsistentDirectoryStor
e.java:179)
	at org.gradle.cache.
internal.DefaultCache
Factory$ReferenceTrac
kingCache.withFileLoc
k(DefaultCacheFactory
.java:214)
	at org.gradle.intern
al.execution.workspac
e.impl.DefaultImmutab
leWorkspaceProvider.w
ithWorkspace(DefaultI
mmutableWorkspaceProv
ider.java:137)
	at org.gradle.intern
al.execution.steps.As
signWorkspaceStep.exe
cute(AssignWorkspaceS
tep.java:30)
	at org.gradle.intern
al.execution.steps.As
signWorkspaceStep.exe
cute(AssignWorkspaceS
tep.java:21)
	at org.gradle.intern
al.execution.steps.Id
entityCacheStep.execu
te(IdentityCacheStep.
java:37)
	at org.gradle.intern
al.execution.steps.Id
entityCacheStep.lambd
a$executeDeferred$0(I
dentityCacheStep.java
:49)
	at org.gradle.cache.
Cache.lambda$get$0(Ca
che.java:31)
	at org.gradle.cache.
ManualEvictionInMemor
yCache.get(ManualEvic
tionInMemoryCache.jav
a:30)
	at org.gradle.cache.
internal.DefaultCross
BuildInMemoryCacheFac
tory$CrossBuildCacheR
etainingDataFromPrevi
ousBuild.get(DefaultC
rossBuildInMemoryCach
eFactory.java:255)
	at org.gradle.cache.
Cache.get(Cache.java:
31)
	at org.gradle.intern
al.execution.steps.Id
entityCacheStep.lambd
a$executeDeferred$1(I
dentityCacheStep.java
:47)
	at org.gradle.intern
al.Deferrable$3.compl
eteAndGet(Deferrable.
java:117)
	... 133 more
Caused by: com.androi
d.ide.common.process.
ProcessException: 
Error while 
executing process 
C:\Program Files\Java
\jdk-21\bin\jlink.exe
 with arguments 
{--module-path C:\Use
rs\srava\.gradle\cach
es\transforms-3\7f021
5de8bdf79ffee76524134
1fac22\transformed\ou
tput\temp\jmod 
--add-modules 
java.base --output C:
\Users\srava\.gradle\
caches\transforms-3\7
f0215de8bdf79ffee7652
41341fac22\transforme
d\output\jdkImage 
--disable-plugin 
system-modules}
	at com.android.build
.gradle.internal.proc
ess.GradleProcessResu
lt.buildProcessExcept
ion(GradleProcessResu
lt.java:73)
	at com.android.build
.gradle.internal.proc
ess.GradleProcessResu
lt.assertNormalExitVa
lue(GradleProcessResu
lt.java:48)
	at com.android.build
.gradle.internal.depe
ndency.JdkTools.linkJ
modsIntoJdkImage(JdkI
mageTransformDelegate
.kt:254)
	at com.android.build
.gradle.internal.depe
ndency.JdkImageTransf
ormDelegate.run(JdkIm
ageTransformDelegate.
kt:62)
	at com.android.build
.gradle.internal.depe
ndency.JdkImageTransf
orm.transform(JdkImag
eTransform.kt:81)
	at org.gradle.api.in
ternal.artifacts.tran
sform.DefaultTransfor
m.transform(DefaultTr
ansform.java:279)
	at org.gradle.api.in
ternal.artifacts.tran
sform.AbstractTransfo
rmExecution$2.call(Ab
stractTransformExecut
ion.java:138)
	at org.gradle.api.in
ternal.artifacts.tran
sform.AbstractTransfo
rmExecution$2.call(Ab
stractTransformExecut
ion.java:132)
	at org.gradle.intern
al.operations.Default
BuildOperationRunner$
CallableBuildOperatio
nWorker.execute(Defau
ltBuildOperationRunne
r.java:204)
	at org.gradle.intern
al.operations.Default
BuildOperationRunner$
CallableBuildOperatio
nWorker.execute(Defau
ltBuildOperationRunne
r.java:199)
	at org.gradle.intern
al.operations.Default
BuildOperationRunner$
2.execute(DefaultBuil
dOperationRunner.java
:66)
	... 231 more
Caused by: org.gradle
.process.internal.Exe
cException: Process 
'command 'C:\Program 
Files\Java\jdk-21\bin
\jlink.exe'' 
finished with 
non-zero exit value 1
	at org.gradle.proces
s.internal.DefaultExe
cHandle$ExecResultImp
l.assertNormalExitVal
ue(DefaultExecHandle.
java:431)
	at com.android.build
.gradle.internal.proc
ess.GradleProcessResu
lt.assertNormalExitVa
lue(GradleProcessResu
lt.java:46)
	... 240 more


BUILD FAILED in 2m 
21s
77 actionable tasks: 73 executed, 4 up-to-date
